<?xml version="1.0" encoding="UTF-8"?>
<!-- Generated by org.testng.reporters.JUnitReportReporter -->
<testsuite hostname="DESKTOP-R117LAU" name="com.ap.testcases.Test123" tests="1" failures="0" timestamp="18 May 2020 06:42:29 GMT" time="8.605" errors="0">
  <testcase name="startUp" time="8.605" classname="com.ap.testcases.Test123"/>
</testsuite> <!-- com.ap.testcases.Test123 -->
